[0m16:12:15.367862 [debug] [MainThread]: Sending event: {'category': 'dbt', 'action': 'invocation', 'label': 'start', 'context': [<snowplow_tracker.self_describing_json.SelfDescribingJson object at 0x0000017B20F07C20>, <snowplow_tracker.self_describing_json.SelfDescribingJson object at 0x0000017B245C1250>, <snowplow_tracker.self_describing_json.SelfDescribingJson object at 0x0000017B239CC710>]}


============================== 16:12:15.377162 | 840ab52f-f3ee-4697-975a-b5ee6926ee3e ==============================
[0m16:12:15.377162 [info ] [MainThread]: Running with dbt=1.11.11
[0m16:12:15.378172 [debug] [MainThread]: running dbt with arguments {'profiles_dir': 'C:\\Users\\PC\\.dbt', 'no_print': 'None', 'invocation_command': 'dbt init agri_dwh', 'printer_width': '80', 'write_json': 'True', 'warn_error': 'None', 'indirect_selection': 'eager', 'partial_parse': 'True', 'fail_fast': 'False', 'send_anonymous_usage_stats': 'True', 'static_parser': 'True', 'warn_error_options': 'WarnErrorOptionsV2(error=[], warn=[], silence=[])', 'log_path': 'logs', 'use_experimental_parser': 'False', 'version_check': 'True', 'introspect': 'True', 'quiet': 'False', 'empty': 'None', 'log_cache_events': 'False', 'debug': 'False', 'log_format': 'default', 'use_colors': 'True', 'cache_selected_only': 'False', 'target_path': 'None'}
[0m16:12:15.406298 [info ] [MainThread]: Creating dbt configuration folder at C:\Users\PC\.dbt
[0m16:12:15.409139 [debug] [MainThread]: Starter project path: C:\Users\PC\AppData\Local\Programs\Python\Python312\Lib\site-packages\dbt\include\starter_project
[0m16:12:15.447851 [info ] [MainThread]: 
Your new dbt project "agri_dwh" was created!

For more information on how to configure the profiles.yml file,
please consult the dbt documentation here:

  https://docs.getdbt.com/docs/configure-your-profile

One more thing:

Need help? Don't hesitate to reach out to us via GitHub issues or on Slack:

  https://community.getdbt.com/

Happy modeling!

[0m16:12:15.449412 [info ] [MainThread]: Setting up your profile.
[0m16:13:20.131355 [info ] [MainThread]: Profile agri_dwh written to C:\Users\PC\.dbt\profiles.yml using target's sample configuration. Once updated, you'll be able to start developing with dbt.
[0m16:13:20.131355 [debug] [MainThread]: Command `dbt init` succeeded at 16:13:20.131355 after 64.95 seconds
[0m16:13:20.132821 [debug] [MainThread]: Sending event: {'category': 'dbt', 'action': 'invocation', 'label': 'end', 'context': [<snowplow_tracker.self_describing_json.SelfDescribingJson object at 0x0000017B245F42C0>, <snowplow_tracker.self_describing_json.SelfDescribingJson object at 0x0000017B245F42F0>, <snowplow_tracker.self_describing_json.SelfDescribingJson object at 0x0000017B260B2DB0>]}
[0m16:13:20.132821 [debug] [MainThread]: Flushing usage events
[0m16:13:21.188196 [debug] [MainThread]: An error was encountered while trying to flush usage events
[0m10:11:30.048920 [debug] [MainThread]: Sending event: {'category': 'dbt', 'action': 'invocation', 'label': 'start', 'context': [<snowplow_tracker.self_describing_json.SelfDescribingJson object at 0x7f839faefb90>, <snowplow_tracker.self_describing_json.SelfDescribingJson object at 0x7f83a2406690>, <snowplow_tracker.self_describing_json.SelfDescribingJson object at 0x7f839faed5d0>]}


============================== 10:11:30.055508 | 971b30b9-bdcb-461d-986e-fb100c8bf4b5 ==============================
[0m10:11:30.055508 [info ] [MainThread]: Running with dbt=1.8.7
[0m10:11:30.056490 [debug] [MainThread]: running dbt with arguments {'printer_width': '80', 'indirect_selection': 'eager', 'log_cache_events': 'False', 'write_json': 'True', 'partial_parse': 'True', 'cache_selected_only': 'False', 'warn_error': 'None', 'debug': 'False', 'version_check': 'True', 'log_path': 'logs', 'fail_fast': 'False', 'profiles_dir': '.', 'use_colors': 'True', 'use_experimental_parser': 'False', 'empty': 'False', 'quiet': 'False', 'no_print': 'None', 'log_format': 'default', 'introspect': 'True', 'warn_error_options': 'WarnErrorOptions(include=[], exclude=[])', 'static_parser': 'True', 'target_path': 'None', 'invocation_command': 'dbt run --profiles-dir .', 'send_anonymous_usage_stats': 'True'}
[0m10:11:30.059666 [error] [MainThread]: Encountered an error:
Runtime Error
  dbt_project.yml does not parse to a dictionary
[0m10:11:30.061388 [debug] [MainThread]: Resource report: {"command_name": "run", "command_wall_clock_time": 0.07043789, "process_user_time": 0.971199, "process_kernel_time": 0.17021, "process_mem_max_rss": "102144", "process_out_blocks": "2744", "command_success": false, "process_in_blocks": "0"}
[0m10:11:30.062706 [debug] [MainThread]: Command `dbt run` failed at 10:11:30.062554 after 0.07 seconds
[0m10:11:30.063661 [debug] [MainThread]: Sending event: {'category': 'dbt', 'action': 'invocation', 'label': 'end', 'context': [<snowplow_tracker.self_describing_json.SelfDescribingJson object at 0x7f83a43ed710>, <snowplow_tracker.self_describing_json.SelfDescribingJson object at 0x7f839fb2ef90>, <snowplow_tracker.self_describing_json.SelfDescribingJson object at 0x7f83a4279990>]}
[0m10:11:30.064715 [debug] [MainThread]: Flushing usage events
[0m10:15:10.602338 [debug] [MainThread]: Sending event: {'category': 'dbt', 'action': 'invocation', 'label': 'start', 'context': [<snowplow_tracker.self_describing_json.SelfDescribingJson object at 0x7ff43cead950>, <snowplow_tracker.self_describing_json.SelfDescribingJson object at 0x7ff43cead5d0>, <snowplow_tracker.self_describing_json.SelfDescribingJson object at 0x7ff43ceaf250>]}


============================== 10:15:10.609469 | f2a9a03c-c735-43e6-81e5-ba22221f8aa9 ==============================
[0m10:15:10.609469 [info ] [MainThread]: Running with dbt=1.8.7
[0m10:15:10.611015 [debug] [MainThread]: running dbt with arguments {'printer_width': '80', 'indirect_selection': 'eager', 'log_cache_events': 'False', 'write_json': 'True', 'partial_parse': 'True', 'cache_selected_only': 'False', 'profiles_dir': '.', 'debug': 'False', 'version_check': 'True', 'log_path': '/app/dbt/logs', 'fail_fast': 'False', 'warn_error': 'None', 'use_colors': 'True', 'use_experimental_parser': 'False', 'empty': 'False', 'quiet': 'False', 'no_print': 'None', 'log_format': 'default', 'invocation_command': 'dbt run --profiles-dir .', 'static_parser': 'True', 'warn_error_options': 'WarnErrorOptions(include=[], exclude=[])', 'target_path': 'None', 'introspect': 'True', 'send_anonymous_usage_stats': 'True'}
[0m10:15:10.807715 [debug] [MainThread]: Sending event: {'category': 'dbt', 'action': 'project_id', 'label': 'f2a9a03c-c735-43e6-81e5-ba22221f8aa9', 'context': [<snowplow_tracker.self_describing_json.SelfDescribingJson object at 0x7ff43cf0fd90>]}
[0m10:15:10.849629 [debug] [MainThread]: Sending event: {'category': 'dbt', 'action': 'adapter_info', 'label': 'f2a9a03c-c735-43e6-81e5-ba22221f8aa9', 'context': [<snowplow_tracker.self_describing_json.SelfDescribingJson object at 0x7ff43f2fe350>]}
[0m10:15:10.853284 [info ] [MainThread]: Registered adapter: duckdb=1.8.4
[0m10:15:10.905741 [debug] [MainThread]: checksum: 4af21dafb485259c48497ac86b711ddb1982f3d0f1c0ca4e09356de488b753c0, vars: {}, profile: , target: , version: 1.8.7
[0m10:15:10.908983 [info ] [MainThread]: Unable to do partial parsing because saved manifest not found. Starting full parse.
[0m10:15:10.909909 [debug] [MainThread]: Sending event: {'category': 'dbt', 'action': 'partial_parser', 'label': 'f2a9a03c-c735-43e6-81e5-ba22221f8aa9', 'context': [<snowplow_tracker.self_describing_json.SelfDescribingJson object at 0x7ff43cd84f90>]}
[0m10:15:11.836466 [warn ] [MainThread]: [[33mWARNING[0m]: Configuration paths exist in your dbt_project.yml file which do not apply to any resources.
There are 3 unused configuration paths:
- models.agri_dwh.gold
- models.agri_dwh.silver
- models.agri_dwh.bronze
[0m10:15:11.846338 [debug] [MainThread]: Sending event: {'category': 'dbt', 'action': 'load_project', 'label': 'f2a9a03c-c735-43e6-81e5-ba22221f8aa9', 'context': [<snowplow_tracker.self_describing_json.SelfDescribingJson object at 0x7ff4334dea50>]}
[0m10:15:11.943204 [debug] [MainThread]: Sending event: {'category': 'dbt', 'action': 'resource_counts', 'label': 'f2a9a03c-c735-43e6-81e5-ba22221f8aa9', 'context': [<snowplow_tracker.self_describing_json.SelfDescribingJson object at 0x7ff4334a6650>]}
[0m10:15:11.945301 [info ] [MainThread]: Found 2 sources, 421 macros
[0m10:15:11.946820 [debug] [MainThread]: Sending event: {'category': 'dbt', 'action': 'runnable_timing', 'label': 'f2a9a03c-c735-43e6-81e5-ba22221f8aa9', 'context': [<snowplow_tracker.self_describing_json.SelfDescribingJson object at 0x7ff43347d550>]}
[0m10:15:11.948702 [info ] [MainThread]: 
[0m10:15:11.950249 [warn ] [MainThread]: Nothing to do. Try checking your model configs and model specification args
[0m10:15:11.951323 [debug] [MainThread]: Command end result
[0m10:15:12.004710 [debug] [MainThread]: Resource report: {"command_name": "run", "command_success": true, "command_wall_clock_time": 1.4668177, "process_user_time": 2.175366, "process_kernel_time": 0.161887, "process_mem_max_rss": "155204", "process_out_blocks": "2800", "process_in_blocks": "0"}
[0m10:15:12.006403 [debug] [MainThread]: Command `dbt run` succeeded at 10:15:12.006269 after 1.47 seconds
[0m10:15:12.011381 [debug] [MainThread]: Sending event: {'category': 'dbt', 'action': 'invocation', 'label': 'end', 'context': [<snowplow_tracker.self_describing_json.SelfDescribingJson object at 0x7ff4415c23d0>, <snowplow_tracker.self_describing_json.SelfDescribingJson object at 0x7ff4415c1950>, <snowplow_tracker.self_describing_json.SelfDescribingJson object at 0x7ff433466250>]}
[0m10:15:12.012546 [debug] [MainThread]: Flushing usage events
[0m10:24:23.571622 [debug] [MainThread]: Sending event: {'category': 'dbt', 'action': 'invocation', 'label': 'start', 'context': [<snowplow_tracker.self_describing_json.SelfDescribingJson object at 0x7f7922364890>, <snowplow_tracker.self_describing_json.SelfDescribingJson object at 0x7f79223958d0>, <snowplow_tracker.self_describing_json.SelfDescribingJson object at 0x7f7922364510>]}


============================== 10:24:23.586284 | 8b7b25c1-2b66-4da3-9a2c-c40b7e5ccde3 ==============================
[0m10:24:23.586284 [info ] [MainThread]: Running with dbt=1.8.7
[0m10:24:23.590969 [debug] [MainThread]: running dbt with arguments {'printer_width': '80', 'indirect_selection': 'eager', 'write_json': 'True', 'log_cache_events': 'False', 'partial_parse': 'True', 'cache_selected_only': 'False', 'warn_error': 'None', 'debug': 'False', 'profiles_dir': '.', 'log_path': '/app/dbt/logs', 'fail_fast': 'False', 'version_check': 'True', 'use_colors': 'True', 'use_experimental_parser': 'False', 'no_print': 'None', 'quiet': 'False', 'empty': 'False', 'log_format': 'default', 'static_parser': 'True', 'introspect': 'True', 'warn_error_options': 'WarnErrorOptions(include=[], exclude=[])', 'target_path': 'None', 'invocation_command': 'dbt run --profiles-dir .', 'send_anonymous_usage_stats': 'True'}
[0m10:24:24.176462 [debug] [MainThread]: Sending event: {'category': 'dbt', 'action': 'project_id', 'label': '8b7b25c1-2b66-4da3-9a2c-c40b7e5ccde3', 'context': [<snowplow_tracker.self_describing_json.SelfDescribingJson object at 0x7f79222b3090>]}
[0m10:24:24.247655 [debug] [MainThread]: Sending event: {'category': 'dbt', 'action': 'adapter_info', 'label': '8b7b25c1-2b66-4da3-9a2c-c40b7e5ccde3', 'context': [<snowplow_tracker.self_describing_json.SelfDescribingJson object at 0x7f7924772890>]}
[0m10:24:24.254840 [info ] [MainThread]: Registered adapter: duckdb=1.8.4
[0m10:24:24.352404 [debug] [MainThread]: checksum: 4af21dafb485259c48497ac86b711ddb1982f3d0f1c0ca4e09356de488b753c0, vars: {}, profile: , target: , version: 1.8.7
[0m10:24:25.361472 [debug] [MainThread]: Partial parsing enabled: 0 files deleted, 0 files added, 0 files changed.
[0m10:24:25.367668 [debug] [MainThread]: Partial parsing enabled, no changes found, skipping parsing
[0m10:24:25.370778 [warn ] [MainThread]: [[33mWARNING[0m]: Configuration paths exist in your dbt_project.yml file which do not apply to any resources.
There are 3 unused configuration paths:
- models.agri_dwh.gold
- models.agri_dwh.silver
- models.agri_dwh.bronze
[0m10:24:25.418488 [debug] [MainThread]: Sending event: {'category': 'dbt', 'action': 'load_project', 'label': '8b7b25c1-2b66-4da3-9a2c-c40b7e5ccde3', 'context': [<snowplow_tracker.self_describing_json.SelfDescribingJson object at 0x7f78ffd9ab50>]}
[0m10:24:25.690317 [debug] [MainThread]: Sending event: {'category': 'dbt', 'action': 'resource_counts', 'label': '8b7b25c1-2b66-4da3-9a2c-c40b7e5ccde3', 'context': [<snowplow_tracker.self_describing_json.SelfDescribingJson object at 0x7f7918a8a650>]}
[0m10:24:25.697325 [info ] [MainThread]: Found 2 sources, 421 macros
[0m10:24:25.702336 [debug] [MainThread]: Sending event: {'category': 'dbt', 'action': 'runnable_timing', 'label': '8b7b25c1-2b66-4da3-9a2c-c40b7e5ccde3', 'context': [<snowplow_tracker.self_describing_json.SelfDescribingJson object at 0x7f7918bab610>]}
[0m10:24:25.715319 [info ] [MainThread]: 
[0m10:24:25.720099 [warn ] [MainThread]: Nothing to do. Try checking your model configs and model specification args
[0m10:24:25.732792 [debug] [MainThread]: Command end result
[0m10:24:25.899044 [debug] [MainThread]: Resource report: {"command_name": "run", "command_success": true, "command_wall_clock_time": 2.5367382, "process_user_time": 3.786914, "process_kernel_time": 0.473364, "process_mem_max_rss": "153424", "process_in_blocks": "124680", "process_out_blocks": "0"}
[0m10:24:25.904068 [debug] [MainThread]: Command `dbt run` succeeded at 10:24:25.903859 after 2.54 seconds
[0m10:24:25.905993 [debug] [MainThread]: Sending event: {'category': 'dbt', 'action': 'invocation', 'label': 'end', 'context': [<snowplow_tracker.self_describing_json.SelfDescribingJson object at 0x7f79222b2350>, <snowplow_tracker.self_describing_json.SelfDescribingJson object at 0x7f7926a3d810>, <snowplow_tracker.self_describing_json.SelfDescribingJson object at 0x7f7926a3d850>]}
[0m10:24:25.908398 [debug] [MainThread]: Flushing usage events
[0m10:26:29.820493 [debug] [MainThread]: Sending event: {'category': 'dbt', 'action': 'invocation', 'label': 'start', 'context': [<snowplow_tracker.self_describing_json.SelfDescribingJson object at 0x7f45dde4cf90>, <snowplow_tracker.self_describing_json.SelfDescribingJson object at 0x7f45ddf93650>, <snowplow_tracker.self_describing_json.SelfDescribingJson object at 0x7f45df3f8350>]}


============================== 10:26:29.832506 | d3ba127d-bcf4-428d-a4df-dab8c250b4be ==============================
[0m10:26:29.832506 [info ] [MainThread]: Running with dbt=1.8.7
[0m10:26:29.841797 [debug] [MainThread]: running dbt with arguments {'printer_width': '80', 'indirect_selection': 'eager', 'log_cache_events': 'False', 'write_json': 'True', 'partial_parse': 'True', 'cache_selected_only': 'False', 'profiles_dir': '.', 'version_check': 'True', 'warn_error': 'None', 'log_path': '/app/dbt/logs', 'debug': 'False', 'fail_fast': 'False', 'use_colors': 'True', 'use_experimental_parser': 'False', 'no_print': 'None', 'quiet': 'False', 'empty': 'False', 'warn_error_options': 'WarnErrorOptions(include=[], exclude=[])', 'introspect': 'True', 'static_parser': 'True', 'invocation_command': 'dbt run --profiles-dir .', 'target_path': 'None', 'log_format': 'default', 'send_anonymous_usage_stats': 'True'}
[0m10:26:30.247493 [debug] [MainThread]: Sending event: {'category': 'dbt', 'action': 'project_id', 'label': 'd3ba127d-bcf4-428d-a4df-dab8c250b4be', 'context': [<snowplow_tracker.self_describing_json.SelfDescribingJson object at 0x7f45d47d3a90>]}
[0m10:26:30.325240 [debug] [MainThread]: Sending event: {'category': 'dbt', 'action': 'adapter_info', 'label': 'd3ba127d-bcf4-428d-a4df-dab8c250b4be', 'context': [<snowplow_tracker.self_describing_json.SelfDescribingJson object at 0x7f45e02aa1d0>]}
[0m10:26:30.330954 [info ] [MainThread]: Registered adapter: duckdb=1.8.4
[0m10:26:30.477691 [debug] [MainThread]: checksum: 4af21dafb485259c48497ac86b711ddb1982f3d0f1c0ca4e09356de488b753c0, vars: {}, profile: , target: , version: 1.8.7
[0m10:26:31.209994 [debug] [MainThread]: Partial parsing enabled: 0 files deleted, 0 files added, 0 files changed.
[0m10:26:31.211973 [debug] [MainThread]: Partial parsing enabled, no changes found, skipping parsing
[0m10:26:31.213593 [warn ] [MainThread]: [[33mWARNING[0m]: Configuration paths exist in your dbt_project.yml file which do not apply to any resources.
There are 3 unused configuration paths:
- models.agri_dwh.gold
- models.agri_dwh.bronze
- models.agri_dwh.silver
[0m10:26:31.231832 [debug] [MainThread]: Sending event: {'category': 'dbt', 'action': 'load_project', 'label': 'd3ba127d-bcf4-428d-a4df-dab8c250b4be', 'context': [<snowplow_tracker.self_describing_json.SelfDescribingJson object at 0x7f45d45f01d0>]}
[0m10:26:31.462957 [debug] [MainThread]: Sending event: {'category': 'dbt', 'action': 'resource_counts', 'label': 'd3ba127d-bcf4-428d-a4df-dab8c250b4be', 'context': [<snowplow_tracker.self_describing_json.SelfDescribingJson object at 0x7f45bf850650>]}
[0m10:26:31.467425 [info ] [MainThread]: Found 2 sources, 421 macros
[0m10:26:31.469677 [debug] [MainThread]: Sending event: {'category': 'dbt', 'action': 'runnable_timing', 'label': 'd3ba127d-bcf4-428d-a4df-dab8c250b4be', 'context': [<snowplow_tracker.self_describing_json.SelfDescribingJson object at 0x7f45bf954b10>]}
[0m10:26:31.474244 [info ] [MainThread]: 
[0m10:26:31.475983 [warn ] [MainThread]: Nothing to do. Try checking your model configs and model specification args
[0m10:26:31.479914 [debug] [MainThread]: Command end result
[0m10:26:31.570051 [debug] [MainThread]: Resource report: {"command_name": "run", "command_success": true, "command_wall_clock_time": 1.9192922, "process_user_time": 2.888755, "process_kernel_time": 0.325354, "process_mem_max_rss": "153880", "process_in_blocks": "0", "process_out_blocks": "0"}
[0m10:26:31.572306 [debug] [MainThread]: Command `dbt run` succeeded at 10:26:31.572115 after 1.92 seconds
[0m10:26:31.574439 [debug] [MainThread]: Sending event: {'category': 'dbt', 'action': 'invocation', 'label': 'end', 'context': [<snowplow_tracker.self_describing_json.SelfDescribingJson object at 0x7f45d4591b50>, <snowplow_tracker.self_describing_json.SelfDescribingJson object at 0x7f45e2585b50>, <snowplow_tracker.self_describing_json.SelfDescribingJson object at 0x7f45df41a2d0>]}
[0m10:26:31.576942 [debug] [MainThread]: Flushing usage events
[0m04:11:41.434070 [debug] [MainThread]: Sending event: {'category': 'dbt', 'action': 'invocation', 'label': 'start', 'context': [<snowplow_tracker.self_describing_json.SelfDescribingJson object at 0xffff91144ed0>, <snowplow_tracker.self_describing_json.SelfDescribingJson object at 0xffff91267e90>, <snowplow_tracker.self_describing_json.SelfDescribingJson object at 0xffff912b8310>]}


============================== 04:11:41.441321 | 5ad78ce7-bd9d-4f36-8c22-ad0e57cd6293 ==============================
[0m04:11:41.441321 [info ] [MainThread]: Running with dbt=1.8.7
[0m04:11:41.441653 [debug] [MainThread]: running dbt with arguments {'printer_width': '80', 'indirect_selection': 'eager', 'write_json': 'True', 'log_cache_events': 'False', 'partial_parse': 'True', 'cache_selected_only': 'False', 'profiles_dir': '.', 'debug': 'False', 'fail_fast': 'False', 'log_path': '/app/dbt/logs', 'warn_error': 'None', 'version_check': 'True', 'use_colors': 'True', 'use_experimental_parser': 'False', 'empty': 'False', 'quiet': 'False', 'no_print': 'None', 'warn_error_options': 'WarnErrorOptions(include=[], exclude=[])', 'introspect': 'True', 'static_parser': 'True', 'invocation_command': 'dbt run --profiles-dir .', 'target_path': 'None', 'log_format': 'default', 'send_anonymous_usage_stats': 'True'}
[0m04:11:41.588623 [debug] [MainThread]: Sending event: {'category': 'dbt', 'action': 'project_id', 'label': '5ad78ce7-bd9d-4f36-8c22-ad0e57cd6293', 'context': [<snowplow_tracker.self_describing_json.SelfDescribingJson object at 0xffff910a0f10>]}
[0m04:11:41.613334 [debug] [MainThread]: Sending event: {'category': 'dbt', 'action': 'adapter_info', 'label': '5ad78ce7-bd9d-4f36-8c22-ad0e57cd6293', 'context': [<snowplow_tracker.self_describing_json.SelfDescribingJson object at 0xffff936366d0>]}
[0m04:11:41.604019 [info ] [MainThread]: Registered adapter: duckdb=1.8.4
[0m04:11:41.634415 [debug] [MainThread]: checksum: 4af21dafb485259c48497ac86b711ddb1982f3d0f1c0ca4e09356de488b753c0, vars: {}, profile: , target: , version: 1.8.7
[0m04:11:41.717380 [debug] [MainThread]: Partial parsing enabled: 0 files deleted, 0 files added, 1 files changed.
[0m04:11:41.717764 [debug] [MainThread]: Partial parsing: updated file: agri_dwh://models/bronze/sources.yml
[0m04:11:41.765362 [warn ] [MainThread]: [[33mWARNING[0m]: Configuration paths exist in your dbt_project.yml file which do not apply to any resources.
There are 3 unused configuration paths:
- models.agri_dwh.silver
- models.agri_dwh.gold
- models.agri_dwh.bronze
[0m04:11:41.770816 [debug] [MainThread]: Sending event: {'category': 'dbt', 'action': 'load_project', 'label': '5ad78ce7-bd9d-4f36-8c22-ad0e57cd6293', 'context': [<snowplow_tracker.self_describing_json.SelfDescribingJson object at 0xffff8d5d3650>]}
[0m04:11:41.804854 [debug] [MainThread]: Sending event: {'category': 'dbt', 'action': 'resource_counts', 'label': '5ad78ce7-bd9d-4f36-8c22-ad0e57cd6293', 'context': [<snowplow_tracker.self_describing_json.SelfDescribingJson object at 0xffff8d565790>]}
[0m04:11:41.805153 [info ] [MainThread]: Found 2 sources, 421 macros
[0m04:11:41.805350 [debug] [MainThread]: Sending event: {'category': 'dbt', 'action': 'runnable_timing', 'label': '5ad78ce7-bd9d-4f36-8c22-ad0e57cd6293', 'context': [<snowplow_tracker.self_describing_json.SelfDescribingJson object at 0xffff8df2b4d0>]}
[0m04:11:41.806100 [info ] [MainThread]: 
[0m04:11:41.806293 [warn ] [MainThread]: Nothing to do. Try checking your model configs and model specification args
[0m04:11:41.806539 [debug] [MainThread]: Command end result
[0m04:11:41.820733 [debug] [MainThread]: Resource report: {"command_name": "run", "command_success": true, "command_wall_clock_time": 0.42020866, "process_user_time": 0.992562, "process_kernel_time": 0.325413, "process_mem_max_rss": "136268", "process_in_blocks": "25640", "process_out_blocks": "5210"}
[0m04:11:41.821070 [debug] [MainThread]: Command `dbt run` succeeded at 04:11:41.821012 after 0.42 seconds
[0m04:11:41.821312 [debug] [MainThread]: Sending event: {'category': 'dbt', 'action': 'invocation', 'label': 'end', 'context': [<snowplow_tracker.self_describing_json.SelfDescribingJson object at 0xffff91179a50>, <snowplow_tracker.self_describing_json.SelfDescribingJson object at 0xffff9117a810>, <snowplow_tracker.self_describing_json.SelfDescribingJson object at 0xffff914ee650>]}
[0m04:11:41.821506 [debug] [MainThread]: Flushing usage events
[0m04:17:42.284289 [debug] [MainThread]: Sending event: {'category': 'dbt', 'action': 'invocation', 'label': 'start', 'context': [<snowplow_tracker.self_describing_json.SelfDescribingJson object at 0xffff7f013190>, <snowplow_tracker.self_describing_json.SelfDescribingJson object at 0xffff7ee41c10>, <snowplow_tracker.self_describing_json.SelfDescribingJson object at 0xffff7ee4fc90>]}


============================== 04:17:42.286241 | 9e78ca40-ab02-4f73-be42-72bd29ab0b29 ==============================
[0m04:17:42.286241 [info ] [MainThread]: Running with dbt=1.8.7
[0m04:17:42.286559 [debug] [MainThread]: running dbt with arguments {'printer_width': '80', 'indirect_selection': 'eager', 'log_cache_events': 'False', 'write_json': 'True', 'partial_parse': 'True', 'cache_selected_only': 'False', 'warn_error': 'None', 'version_check': 'True', 'profiles_dir': '.', 'log_path': '/app/dbt/logs', 'debug': 'False', 'fail_fast': 'False', 'use_colors': 'True', 'use_experimental_parser': 'False', 'empty': 'False', 'quiet': 'False', 'no_print': 'None', 'log_format': 'default', 'introspect': 'True', 'static_parser': 'True', 'invocation_command': 'dbt run --profiles-dir .', 'target_path': 'None', 'warn_error_options': 'WarnErrorOptions(include=[], exclude=[])', 'send_anonymous_usage_stats': 'True'}
[0m04:17:42.437089 [debug] [MainThread]: Sending event: {'category': 'dbt', 'action': 'project_id', 'label': '9e78ca40-ab02-4f73-be42-72bd29ab0b29', 'context': [<snowplow_tracker.self_describing_json.SelfDescribingJson object at 0xffff7eeaddd0>]}
[0m04:17:42.456249 [debug] [MainThread]: Sending event: {'category': 'dbt', 'action': 'adapter_info', 'label': '9e78ca40-ab02-4f73-be42-72bd29ab0b29', 'context': [<snowplow_tracker.self_describing_json.SelfDescribingJson object at 0xffff81336410>]}
[0m04:17:42.457802 [info ] [MainThread]: Registered adapter: duckdb=1.8.4
[0m04:17:42.486412 [debug] [MainThread]: checksum: 4af21dafb485259c48497ac86b711ddb1982f3d0f1c0ca4e09356de488b753c0, vars: {}, profile: , target: , version: 1.8.7
[0m04:17:42.574790 [debug] [MainThread]: Partial parsing enabled: 0 files deleted, 0 files added, 0 files changed.
[0m04:17:42.575194 [debug] [MainThread]: Partial parsing enabled, no changes found, skipping parsing
[0m04:17:42.575474 [warn ] [MainThread]: [[33mWARNING[0m]: Configuration paths exist in your dbt_project.yml file which do not apply to any resources.
There are 3 unused configuration paths:
- models.agri_dwh.silver
- models.agri_dwh.gold
- models.agri_dwh.bronze
[0m04:17:42.581574 [debug] [MainThread]: Sending event: {'category': 'dbt', 'action': 'load_project', 'label': '9e78ca40-ab02-4f73-be42-72bd29ab0b29', 'context': [<snowplow_tracker.self_describing_json.SelfDescribingJson object at 0xffff79502850>]}
[0m04:17:42.619945 [debug] [MainThread]: Sending event: {'category': 'dbt', 'action': 'resource_counts', 'label': '9e78ca40-ab02-4f73-be42-72bd29ab0b29', 'context': [<snowplow_tracker.self_describing_json.SelfDescribingJson object at 0xffff79ff7550>]}
[0m04:17:42.620227 [info ] [MainThread]: Found 2 sources, 421 macros
[0m04:17:42.620510 [debug] [MainThread]: Sending event: {'category': 'dbt', 'action': 'runnable_timing', 'label': '9e78ca40-ab02-4f73-be42-72bd29ab0b29', 'context': [<snowplow_tracker.self_describing_json.SelfDescribingJson object at 0xffff7bd96510>]}
[0m04:17:42.621257 [info ] [MainThread]: 
[0m04:17:42.621517 [warn ] [MainThread]: Nothing to do. Try checking your model configs and model specification args
[0m04:17:42.622390 [debug] [MainThread]: Command end result
[0m04:17:42.635747 [debug] [MainThread]: Resource report: {"command_name": "run", "command_success": true, "command_wall_clock_time": 0.37586966, "process_user_time": 0.882219, "process_kernel_time": 0.306013, "process_mem_max_rss": "134360", "process_in_blocks": "69184", "process_out_blocks": "1607"}
[0m04:17:42.636024 [debug] [MainThread]: Command `dbt run` succeeded at 04:17:42.635982 after 0.38 seconds
[0m04:17:42.636217 [debug] [MainThread]: Sending event: {'category': 'dbt', 'action': 'invocation', 'label': 'end', 'context': [<snowplow_tracker.self_describing_json.SelfDescribingJson object at 0xffff7f291f90>, <snowplow_tracker.self_describing_json.SelfDescribingJson object at 0xffff7ef5bc90>, <snowplow_tracker.self_describing_json.SelfDescribingJson object at 0xffff83dd6a50>]}
[0m04:17:42.636392 [debug] [MainThread]: Flushing usage events
[0m04:21:21.284042 [debug] [MainThread]: Sending event: {'category': 'dbt', 'action': 'invocation', 'label': 'start', 'context': [<snowplow_tracker.self_describing_json.SelfDescribingJson object at 0xffffb6e4de10>, <snowplow_tracker.self_describing_json.SelfDescribingJson object at 0xffffb6e45910>, <snowplow_tracker.self_describing_json.SelfDescribingJson object at 0xffffb6d6bf90>]}


============================== 04:21:21.286710 | 5c94a915-c5b1-4a6d-b996-e549fe74d23c ==============================
[0m04:21:21.286710 [info ] [MainThread]: Running with dbt=1.8.7
[0m04:21:21.287128 [debug] [MainThread]: running dbt with arguments {'printer_width': '80', 'indirect_selection': 'eager', 'write_json': 'True', 'log_cache_events': 'False', 'partial_parse': 'True', 'cache_selected_only': 'False', 'profiles_dir': '.', 'debug': 'False', 'fail_fast': 'False', 'log_path': '/app/dbt/logs', 'warn_error': 'None', 'version_check': 'True', 'use_colors': 'True', 'use_experimental_parser': 'False', 'no_print': 'None', 'quiet': 'False', 'empty': 'False', 'warn_error_options': 'WarnErrorOptions(include=[], exclude=[])', 'static_parser': 'True', 'log_format': 'default', 'introspect': 'True', 'target_path': 'None', 'invocation_command': 'dbt run --profiles-dir .', 'send_anonymous_usage_stats': 'True'}
[0m04:21:21.460648 [debug] [MainThread]: Sending event: {'category': 'dbt', 'action': 'project_id', 'label': '5c94a915-c5b1-4a6d-b996-e549fe74d23c', 'context': [<snowplow_tracker.self_describing_json.SelfDescribingJson object at 0xffffb6ca1790>]}
[0m04:21:21.483661 [debug] [MainThread]: Sending event: {'category': 'dbt', 'action': 'adapter_info', 'label': '5c94a915-c5b1-4a6d-b996-e549fe74d23c', 'context': [<snowplow_tracker.self_describing_json.SelfDescribingJson object at 0xffffb9176650>]}
[0m04:21:21.485845 [info ] [MainThread]: Registered adapter: duckdb=1.8.4
[0m04:21:21.516891 [debug] [MainThread]: checksum: 4af21dafb485259c48497ac86b711ddb1982f3d0f1c0ca4e09356de488b753c0, vars: {}, profile: , target: , version: 1.8.7
[0m04:21:21.599673 [debug] [MainThread]: Partial parsing enabled: 0 files deleted, 0 files added, 0 files changed.
[0m04:21:21.599950 [debug] [MainThread]: Partial parsing enabled, no changes found, skipping parsing
[0m04:21:21.600185 [warn ] [MainThread]: [[33mWARNING[0m]: Configuration paths exist in your dbt_project.yml file which do not apply to any resources.
There are 3 unused configuration paths:
- models.agri_dwh.bronze
- models.agri_dwh.silver
- models.agri_dwh.gold
[0m04:21:21.605646 [debug] [MainThread]: Sending event: {'category': 'dbt', 'action': 'load_project', 'label': '5c94a915-c5b1-4a6d-b996-e549fe74d23c', 'context': [<snowplow_tracker.self_describing_json.SelfDescribingJson object at 0xffffb31bd010>]}
[0m04:21:21.639733 [debug] [MainThread]: Sending event: {'category': 'dbt', 'action': 'resource_counts', 'label': '5c94a915-c5b1-4a6d-b996-e549fe74d23c', 'context': [<snowplow_tracker.self_describing_json.SelfDescribingJson object at 0xffffb27f3550>]}
[0m04:21:21.640017 [info ] [MainThread]: Found 2 sources, 421 macros
[0m04:21:21.640287 [debug] [MainThread]: Sending event: {'category': 'dbt', 'action': 'runnable_timing', 'label': '5c94a915-c5b1-4a6d-b996-e549fe74d23c', 'context': [<snowplow_tracker.self_describing_json.SelfDescribingJson object at 0xffffb278a790>]}
[0m04:21:21.641001 [info ] [MainThread]: 
[0m04:21:21.641223 [warn ] [MainThread]: Nothing to do. Try checking your model configs and model specification args
[0m04:21:21.642145 [debug] [MainThread]: Command end result
[0m04:21:21.653628 [debug] [MainThread]: Resource report: {"command_name": "run", "command_success": true, "command_wall_clock_time": 0.3928336, "process_user_time": 1.028955, "process_kernel_time": 0.362059, "process_mem_max_rss": "133468", "process_in_blocks": "74456", "process_out_blocks": "1607"}
[0m04:21:21.653859 [debug] [MainThread]: Command `dbt run` succeeded at 04:21:21.653822 after 0.39 seconds
[0m04:21:21.654027 [debug] [MainThread]: Sending event: {'category': 'dbt', 'action': 'invocation', 'label': 'end', 'context': [<snowplow_tracker.self_describing_json.SelfDescribingJson object at 0xffffb6d8c590>, <snowplow_tracker.self_describing_json.SelfDescribingJson object at 0xffffb6ca1b10>, <snowplow_tracker.self_describing_json.SelfDescribingJson object at 0xffffbbc0a110>]}
[0m04:21:21.654178 [debug] [MainThread]: Flushing usage events
[0m04:26:43.260423 [debug] [MainThread]: Sending event: {'category': 'dbt', 'action': 'invocation', 'label': 'start', 'context': [<snowplow_tracker.self_describing_json.SelfDescribingJson object at 0xffff920ad810>, <snowplow_tracker.self_describing_json.SelfDescribingJson object at 0xffff91ff7690>, <snowplow_tracker.self_describing_json.SelfDescribingJson object at 0xffff9232e550>]}


============================== 04:26:43.262330 | 3f40702f-7c4d-456a-9279-f8705346b7f1 ==============================
[0m04:26:43.262330 [info ] [MainThread]: Running with dbt=1.8.7
[0m04:26:43.262682 [debug] [MainThread]: running dbt with arguments {'printer_width': '80', 'indirect_selection': 'eager', 'log_cache_events': 'False', 'write_json': 'True', 'partial_parse': 'True', 'cache_selected_only': 'False', 'profiles_dir': '.', 'fail_fast': 'False', 'debug': 'False', 'log_path': '/app/dbt/logs', 'version_check': 'True', 'warn_error': 'None', 'use_colors': 'True', 'use_experimental_parser': 'False', 'empty': 'False', 'quiet': 'False', 'no_print': 'None', 'log_format': 'default', 'introspect': 'True', 'invocation_command': 'dbt run --profiles-dir .', 'warn_error_options': 'WarnErrorOptions(include=[], exclude=[])', 'target_path': 'None', 'static_parser': 'True', 'send_anonymous_usage_stats': 'True'}
[0m04:26:43.390255 [debug] [MainThread]: Sending event: {'category': 'dbt', 'action': 'project_id', 'label': '3f40702f-7c4d-456a-9279-f8705346b7f1', 'context': [<snowplow_tracker.self_describing_json.SelfDescribingJson object at 0xffff91f69410>]}
[0m04:26:43.409645 [debug] [MainThread]: Sending event: {'category': 'dbt', 'action': 'adapter_info', 'label': '3f40702f-7c4d-456a-9279-f8705346b7f1', 'context': [<snowplow_tracker.self_describing_json.SelfDescribingJson object at 0xffff943a6750>]}
[0m04:26:43.411280 [info ] [MainThread]: Registered adapter: duckdb=1.8.4
[0m04:26:43.443397 [debug] [MainThread]: checksum: 4af21dafb485259c48497ac86b711ddb1982f3d0f1c0ca4e09356de488b753c0, vars: {}, profile: , target: , version: 1.8.7
[0m04:26:43.525997 [debug] [MainThread]: Partial parsing enabled: 0 files deleted, 0 files added, 0 files changed.
[0m04:26:43.526256 [debug] [MainThread]: Partial parsing enabled, no changes found, skipping parsing
[0m04:26:43.526492 [warn ] [MainThread]: [[33mWARNING[0m]: Configuration paths exist in your dbt_project.yml file which do not apply to any resources.
There are 3 unused configuration paths:
- models.agri_dwh.silver
- models.agri_dwh.bronze
- models.agri_dwh.gold
[0m04:26:43.531843 [debug] [MainThread]: Sending event: {'category': 'dbt', 'action': 'load_project', 'label': '3f40702f-7c4d-456a-9279-f8705346b7f1', 'context': [<snowplow_tracker.self_describing_json.SelfDescribingJson object at 0xffff8d9a5790>]}
[0m04:26:43.568126 [debug] [MainThread]: Sending event: {'category': 'dbt', 'action': 'resource_counts', 'label': '3f40702f-7c4d-456a-9279-f8705346b7f1', 'context': [<snowplow_tracker.self_describing_json.SelfDescribingJson object at 0xffff8cf6da10>]}
[0m04:26:43.568386 [info ] [MainThread]: Found 2 sources, 421 macros
[0m04:26:43.568542 [debug] [MainThread]: Sending event: {'category': 'dbt', 'action': 'runnable_timing', 'label': '3f40702f-7c4d-456a-9279-f8705346b7f1', 'context': [<snowplow_tracker.self_describing_json.SelfDescribingJson object at 0xffff91e0b4d0>]}
[0m04:26:43.569246 [info ] [MainThread]: 
[0m04:26:43.569419 [warn ] [MainThread]: Nothing to do. Try checking your model configs and model specification args
[0m04:26:43.570232 [debug] [MainThread]: Command end result
[0m04:26:43.582081 [debug] [MainThread]: Resource report: {"command_name": "run", "command_success": true, "command_wall_clock_time": 0.34334704, "process_user_time": 0.923782, "process_kernel_time": 0.273527, "process_mem_max_rss": "133656", "process_in_blocks": "44088", "process_out_blocks": "1607"}
[0m04:26:43.582368 [debug] [MainThread]: Command `dbt run` succeeded at 04:26:43.582316 after 0.34 seconds
[0m04:26:43.582579 [debug] [MainThread]: Sending event: {'category': 'dbt', 'action': 'invocation', 'label': 'end', 'context': [<snowplow_tracker.self_describing_json.SelfDescribingJson object at 0xffff91fdeb50>, <snowplow_tracker.self_describing_json.SelfDescribingJson object at 0xffff91fdfbd0>, <snowplow_tracker.self_describing_json.SelfDescribingJson object at 0xffff96e9acd0>]}
[0m04:26:43.582752 [debug] [MainThread]: Flushing usage events
[0m07:00:10.926388 [debug] [MainThread]: Sending event: {'category': 'dbt', 'action': 'invocation', 'label': 'start', 'context': [<snowplow_tracker.self_describing_json.SelfDescribingJson object at 0xffff840a6a10>, <snowplow_tracker.self_describing_json.SelfDescribingJson object at 0xffff840a6ad0>, <snowplow_tracker.self_describing_json.SelfDescribingJson object at 0xffff840a67d0>]}


============================== 07:00:10.929678 | 3cf95d44-ee88-4153-a9ce-1533166555da ==============================
[0m07:00:10.929678 [info ] [MainThread]: Running with dbt=1.8.7
[0m07:00:10.930215 [debug] [MainThread]: running dbt with arguments {'printer_width': '80', 'indirect_selection': 'eager', 'log_cache_events': 'False', 'write_json': 'True', 'partial_parse': 'True', 'cache_selected_only': 'False', 'profiles_dir': '.', 'fail_fast': 'False', 'version_check': 'True', 'log_path': '/app/dbt/logs', 'debug': 'False', 'warn_error': 'None', 'use_colors': 'True', 'use_experimental_parser': 'False', 'no_print': 'None', 'quiet': 'False', 'empty': 'False', 'warn_error_options': 'WarnErrorOptions(include=[], exclude=[])', 'static_parser': 'True', 'introspect': 'True', 'invocation_command': 'dbt run --profiles-dir .', 'target_path': 'None', 'log_format': 'default', 'send_anonymous_usage_stats': 'True'}
[0m07:00:11.167422 [debug] [MainThread]: Sending event: {'category': 'dbt', 'action': 'project_id', 'label': '3cf95d44-ee88-4153-a9ce-1533166555da', 'context': [<snowplow_tracker.self_describing_json.SelfDescribingJson object at 0xffff83e07a10>]}
[0m07:00:11.188574 [debug] [MainThread]: Sending event: {'category': 'dbt', 'action': 'adapter_info', 'label': '3cf95d44-ee88-4153-a9ce-1533166555da', 'context': [<snowplow_tracker.self_describing_json.SelfDescribingJson object at 0xffff83fefb90>]}
[0m07:00:11.190817 [info ] [MainThread]: Registered adapter: duckdb=1.8.4
[0m07:00:11.242556 [debug] [MainThread]: checksum: 4af21dafb485259c48497ac86b711ddb1982f3d0f1c0ca4e09356de488b753c0, vars: {}, profile: , target: , version: 1.8.7
[0m07:00:11.352962 [debug] [MainThread]: Partial parsing enabled: 0 files deleted, 0 files added, 0 files changed.
[0m07:00:11.353609 [debug] [MainThread]: Partial parsing enabled, no changes found, skipping parsing
[0m07:00:11.354632 [warn ] [MainThread]: [[33mWARNING[0m]: Configuration paths exist in your dbt_project.yml file which do not apply to any resources.
There are 3 unused configuration paths:
- models.agri_dwh.silver
- models.agri_dwh.bronze
- models.agri_dwh.gold
[0m07:00:11.365712 [debug] [MainThread]: Sending event: {'category': 'dbt', 'action': 'load_project', 'label': '3cf95d44-ee88-4153-a9ce-1533166555da', 'context': [<snowplow_tracker.self_describing_json.SelfDescribingJson object at 0xffff803bc690>]}
[0m07:00:11.422082 [debug] [MainThread]: Sending event: {'category': 'dbt', 'action': 'resource_counts', 'label': '3cf95d44-ee88-4153-a9ce-1533166555da', 'context': [<snowplow_tracker.self_describing_json.SelfDescribingJson object at 0xffff7f90f950>]}
[0m07:00:11.422472 [info ] [MainThread]: Found 2 sources, 421 macros
[0m07:00:11.422764 [debug] [MainThread]: Sending event: {'category': 'dbt', 'action': 'runnable_timing', 'label': '3cf95d44-ee88-4153-a9ce-1533166555da', 'context': [<snowplow_tracker.self_describing_json.SelfDescribingJson object at 0xffff83f586d0>]}
[0m07:00:11.423942 [info ] [MainThread]: 
[0m07:00:11.424185 [warn ] [MainThread]: Nothing to do. Try checking your model configs and model specification args
[0m07:00:11.425146 [debug] [MainThread]: Command end result
[0m07:00:11.442358 [debug] [MainThread]: Resource report: {"command_name": "run", "command_success": true, "command_wall_clock_time": 0.55371845, "process_user_time": 1.563715, "process_kernel_time": 0.893097, "process_mem_max_rss": "133388", "process_in_blocks": "100584", "process_out_blocks": "1607"}
[0m07:00:11.442811 [debug] [MainThread]: Command `dbt run` succeeded at 07:00:11.442733 after 0.55 seconds
[0m07:00:11.443110 [debug] [MainThread]: Sending event: {'category': 'dbt', 'action': 'invocation', 'label': 'end', 'context': [<snowplow_tracker.self_describing_json.SelfDescribingJson object at 0xffff83ee2490>, <snowplow_tracker.self_describing_json.SelfDescribingJson object at 0xffff88eba050>, <snowplow_tracker.self_describing_json.SelfDescribingJson object at 0xffff88ebb190>]}
[0m07:00:11.443332 [debug] [MainThread]: Flushing usage events
